[debug] [2024-07-20T02:48:09.401Z] ----------------------------------------------------------------------
[debug] [2024-07-20T02:48:09.403Z] Command:       /Users/greg/.nvm/versions/node/v18.20.2/bin/node /Users/greg/.nvm/versions/node/v18.20.2/bin/firebase apphosting:backends:create --project genkit-test-8b8aa --location us-central1
[debug] [2024-07-20T02:48:09.404Z] CLI Version:   13.13.3
[debug] [2024-07-20T02:48:09.404Z] Platform:      darwin
[debug] [2024-07-20T02:48:09.404Z] Node Version:  v18.20.2
[debug] [2024-07-20T02:48:09.405Z] Time:          Fri Jul 19 2024 22:48:09 GMT-0400 (Eastern Daylight Saving Time)
[debug] [2024-07-20T02:48:09.405Z] ----------------------------------------------------------------------
[debug] 
[debug] [2024-07-20T02:48:09.408Z] >>> [apiv2][query] GET https://firebase-public.firebaseio.com/cli.json [none]
[debug] [2024-07-20T02:48:09.452Z] > refreshing access token with scopes: []
[debug] [2024-07-20T02:48:09.453Z] >>> [apiv2][query] POST https://www.googleapis.com/oauth2/v3/token [none]
[debug] [2024-07-20T02:48:09.453Z] >>> [apiv2][body] POST https://www.googleapis.com/oauth2/v3/token [omitted]
[debug] [2024-07-20T02:48:09.813Z] <<< [apiv2][status] POST https://www.googleapis.com/oauth2/v3/token 200
[debug] [2024-07-20T02:48:09.814Z] <<< [apiv2][body] POST https://www.googleapis.com/oauth2/v3/token [omitted]
[debug] [2024-07-20T02:48:09.874Z] >>> [apiv2][query] GET https://serviceusage.googleapis.com/v1/projects/genkit-test-8b8aa/services/firebaseapphosting.googleapis.com [none]
[debug] [2024-07-20T02:48:09.875Z] >>> [apiv2][(partial)header] GET https://serviceusage.googleapis.com/v1/projects/genkit-test-8b8aa/services/firebaseapphosting.googleapis.com x-goog-quota-user=projects/genkit-test-8b8aa
[debug] [2024-07-20T02:48:10.012Z] <<< [apiv2][status] GET https://firebase-public.firebaseio.com/cli.json 200
[debug] [2024-07-20T02:48:10.012Z] <<< [apiv2][body] GET https://firebase-public.firebaseio.com/cli.json {"cloudBuildErrorAfter":1594252800000,"cloudBuildWarnAfter":1590019200000,"defaultNode10After":1594252800000,"minVersion":"3.0.5","node8DeploysDisabledAfter":1613390400000,"node8RuntimeDisabledAfter":1615809600000,"node8WarnAfter":1600128000000}
[debug] [2024-07-20T02:48:10.267Z] <<< [apiv2][status] GET https://serviceusage.googleapis.com/v1/projects/genkit-test-8b8aa/services/firebaseapphosting.googleapis.com 200
[debug] [2024-07-20T02:48:10.267Z] <<< [apiv2][body] GET https://serviceusage.googleapis.com/v1/projects/genkit-test-8b8aa/services/firebaseapphosting.googleapis.com [omitted]
[debug] [2024-07-20T02:48:10.268Z] >>> [apiv2][query] GET https://mobilesdk-pa.googleapis.com/v1/accessmanagement/tos:getStatus [none]
[debug] [2024-07-20T02:48:10.862Z] <<< [apiv2][status] GET https://mobilesdk-pa.googleapis.com/v1/accessmanagement/tos:getStatus 200
[debug] [2024-07-20T02:48:10.863Z] <<< [apiv2][body] GET https://mobilesdk-pa.googleapis.com/v1/accessmanagement/tos:getStatus {"overallStatus":"ACCEPTED","uTosStatus":{"tos":{"id":"firebase","tosId":"FIREBASE_UNIVERSAL"},"status":"ACCEPTED"},"childTosStatus":[{"tos":{"id":"cloud","tosId":"CLOUD_PLATFORM"},"status":"ACCEPTED"},{"tos":{"id":"firebase_b2b","tosId":"FIREBASE_B2B"},"status":"ACCEPTED"},{"tos":{"id":"universal","tosId":"GOOGLE_APIS"},"status":"ACCEPTED"}],"termsUrl":"https://firebase.google.com/terms","perServiceStatus":[{"tosId":"APP_CHECK","serviceStatus":{"tos":{"id":"app_check","tosId":"APP_CHECK"},"status":"ACCEPTED"}},{"tosId":"APP_HOSTING_TOS","serviceStatus":{"tos":{"id":"app_hosting","tosId":"APP_HOSTING_TOS"},"status":"ACCEPTED"}},{"tosId":"APP_HOSTING_TOS","serviceStatus":{"tos":{"id":"app_hosting","tosId":"APP_HOSTING_TOS"},"status":"ACCEPTED"}},{"tosId":"CORE_APPS","serviceStatus":{"tos":{"id":"core_apps","tosId":"CORE_APPS"},"status":"ACCEPTED"}},{"tosId":"FIREBASE_CRASHLYTICS_APP_DISTRIBUTION","serviceStatus":{"tos":{"id":"firebase_crashlytics_app_distribution","tosId":"FIREBASE_CRASHLYTICS_APP_DISTRIBUTION"},"status":"ACCEPTED"}},{"tosId":"FIREBASE_DATA_CONNECT","serviceStatus":{"tos":{"id":"data_connect","tosId":"FIREBASE_DATA_CONNECT"},"status":"ACCEPTED"}}]}
[debug] [2024-07-20T02:48:10.864Z] >>> [apiv2][query] GET https://serviceusage.googleapis.com/v1/projects/genkit-test-8b8aa/services/developerconnect.googleapis.com [none]
[debug] [2024-07-20T02:48:10.864Z] >>> [apiv2][(partial)header] GET https://serviceusage.googleapis.com/v1/projects/genkit-test-8b8aa/services/developerconnect.googleapis.com x-goog-quota-user=projects/genkit-test-8b8aa
[debug] [2024-07-20T02:48:10.865Z] >>> [apiv2][query] GET https://serviceusage.googleapis.com/v1/projects/genkit-test-8b8aa/services/cloudbuild.googleapis.com [none]
[debug] [2024-07-20T02:48:10.865Z] >>> [apiv2][(partial)header] GET https://serviceusage.googleapis.com/v1/projects/genkit-test-8b8aa/services/cloudbuild.googleapis.com x-goog-quota-user=projects/genkit-test-8b8aa
[debug] [2024-07-20T02:48:10.867Z] >>> [apiv2][query] GET https://serviceusage.googleapis.com/v1/projects/genkit-test-8b8aa/services/secretmanager.googleapis.com [none]
[debug] [2024-07-20T02:48:10.867Z] >>> [apiv2][(partial)header] GET https://serviceusage.googleapis.com/v1/projects/genkit-test-8b8aa/services/secretmanager.googleapis.com x-goog-quota-user=projects/genkit-test-8b8aa
[debug] [2024-07-20T02:48:10.869Z] >>> [apiv2][query] GET https://serviceusage.googleapis.com/v1/projects/genkit-test-8b8aa/services/run.googleapis.com [none]
[debug] [2024-07-20T02:48:10.869Z] >>> [apiv2][(partial)header] GET https://serviceusage.googleapis.com/v1/projects/genkit-test-8b8aa/services/run.googleapis.com x-goog-quota-user=projects/genkit-test-8b8aa
[debug] [2024-07-20T02:48:10.871Z] >>> [apiv2][query] GET https://serviceusage.googleapis.com/v1/projects/genkit-test-8b8aa/services/artifactregistry.googleapis.com [none]
[debug] [2024-07-20T02:48:10.871Z] >>> [apiv2][(partial)header] GET https://serviceusage.googleapis.com/v1/projects/genkit-test-8b8aa/services/artifactregistry.googleapis.com x-goog-quota-user=projects/genkit-test-8b8aa
[debug] [2024-07-20T02:48:10.873Z] >>> [apiv2][query] GET https://serviceusage.googleapis.com/v1/projects/genkit-test-8b8aa/services/iam.googleapis.com [none]
[debug] [2024-07-20T02:48:10.873Z] >>> [apiv2][(partial)header] GET https://serviceusage.googleapis.com/v1/projects/genkit-test-8b8aa/services/iam.googleapis.com x-goog-quota-user=projects/genkit-test-8b8aa
[debug] [2024-07-20T02:48:11.226Z] <<< [apiv2][status] GET https://serviceusage.googleapis.com/v1/projects/genkit-test-8b8aa/services/developerconnect.googleapis.com 200
[debug] [2024-07-20T02:48:11.226Z] <<< [apiv2][body] GET https://serviceusage.googleapis.com/v1/projects/genkit-test-8b8aa/services/developerconnect.googleapis.com [omitted]
[debug] [2024-07-20T02:48:11.226Z] <<< [apiv2][status] GET https://serviceusage.googleapis.com/v1/projects/genkit-test-8b8aa/services/secretmanager.googleapis.com 200
[debug] [2024-07-20T02:48:11.226Z] <<< [apiv2][body] GET https://serviceusage.googleapis.com/v1/projects/genkit-test-8b8aa/services/secretmanager.googleapis.com [omitted]
[debug] [2024-07-20T02:48:11.233Z] <<< [apiv2][status] GET https://serviceusage.googleapis.com/v1/projects/genkit-test-8b8aa/services/artifactregistry.googleapis.com 200
[debug] [2024-07-20T02:48:11.233Z] <<< [apiv2][body] GET https://serviceusage.googleapis.com/v1/projects/genkit-test-8b8aa/services/artifactregistry.googleapis.com [omitted]
[debug] [2024-07-20T02:48:11.250Z] <<< [apiv2][status] GET https://serviceusage.googleapis.com/v1/projects/genkit-test-8b8aa/services/run.googleapis.com 200
[debug] [2024-07-20T02:48:11.250Z] <<< [apiv2][body] GET https://serviceusage.googleapis.com/v1/projects/genkit-test-8b8aa/services/run.googleapis.com [omitted]
[debug] [2024-07-20T02:48:11.265Z] <<< [apiv2][status] GET https://serviceusage.googleapis.com/v1/projects/genkit-test-8b8aa/services/cloudbuild.googleapis.com 200
[debug] [2024-07-20T02:48:11.265Z] <<< [apiv2][body] GET https://serviceusage.googleapis.com/v1/projects/genkit-test-8b8aa/services/cloudbuild.googleapis.com [omitted]
[debug] [2024-07-20T02:48:11.445Z] <<< [apiv2][status] GET https://serviceusage.googleapis.com/v1/projects/genkit-test-8b8aa/services/iam.googleapis.com 200
[debug] [2024-07-20T02:48:11.445Z] <<< [apiv2][body] GET https://serviceusage.googleapis.com/v1/projects/genkit-test-8b8aa/services/iam.googleapis.com [omitted]
[debug] [2024-07-20T02:48:11.446Z] >>> [apiv2][query] POST https://iam.googleapis.com/v1/projects/genkit-test-8b8aa/serviceAccounts/firebase-app-hosting-compute@genkit-test-8b8aa.iam.gserviceaccount.com:testIamPermissions [none]
[debug] [2024-07-20T02:48:11.446Z] >>> [apiv2][(partial)header] POST https://iam.googleapis.com/v1/projects/genkit-test-8b8aa/serviceAccounts/firebase-app-hosting-compute@genkit-test-8b8aa.iam.gserviceaccount.com:testIamPermissions x-goog-quota-user=projects/genkit-test-8b8aa
[debug] [2024-07-20T02:48:11.446Z] >>> [apiv2][body] POST https://iam.googleapis.com/v1/projects/genkit-test-8b8aa/serviceAccounts/firebase-app-hosting-compute@genkit-test-8b8aa.iam.gserviceaccount.com:testIamPermissions {"permissions":["iam.serviceAccounts.actAs"]}
[debug] [2024-07-20T02:48:12.152Z] <<< [apiv2][status] POST https://iam.googleapis.com/v1/projects/genkit-test-8b8aa/serviceAccounts/firebase-app-hosting-compute@genkit-test-8b8aa.iam.gserviceaccount.com:testIamPermissions 200
[debug] [2024-07-20T02:48:12.152Z] <<< [apiv2][body] POST https://iam.googleapis.com/v1/projects/genkit-test-8b8aa/serviceAccounts/firebase-app-hosting-compute@genkit-test-8b8aa.iam.gserviceaccount.com:testIamPermissions {"permissions":["iam.serviceAccounts.actAs"]}
[debug] [2024-07-20T02:48:12.153Z] >>> [apiv2][query] GET https://firebaseapphosting.googleapis.com/v1alpha/projects/genkit-test-8b8aa/locations 
[debug] [2024-07-20T02:48:13.054Z] <<< [apiv2][status] GET https://firebaseapphosting.googleapis.com/v1alpha/projects/genkit-test-8b8aa/locations 200
[debug] [2024-07-20T02:48:13.054Z] <<< [apiv2][body] GET https://firebaseapphosting.googleapis.com/v1alpha/projects/genkit-test-8b8aa/locations {"locations":[{"name":"projects/genkit-test-8b8aa/locations/us-central1","locationId":"us-central1"}]}
[info] i  === Import a GitHub repository 
[debug] [2024-07-20T02:48:13.055Z] >>> [apiv2][query] GET https://developerconnect.googleapis.com/v1/projects/genkit-test-8b8aa/locations/us-central1/connections/firebase-app-hosting-github-oauth [none]
[debug] [2024-07-20T02:48:13.930Z] <<< [apiv2][status] GET https://developerconnect.googleapis.com/v1/projects/genkit-test-8b8aa/locations/us-central1/connections/firebase-app-hosting-github-oauth 200
[debug] [2024-07-20T02:48:13.930Z] <<< [apiv2][body] GET https://developerconnect.googleapis.com/v1/projects/genkit-test-8b8aa/locations/us-central1/connections/firebase-app-hosting-github-oauth {"name":"projects/genkit-test-8b8aa/locations/us-central1/connections/firebase-app-hosting-github-oauth","createTime":"2024-07-18T01:53:45.215394543Z","updateTime":"2024-07-18T01:55:06.291597985Z","githubConfig":{"githubApp":"FIREBASE","authorizerCredential":{"oauthTokenSecretVersion":"projects/genkit-test-8b8aa/secrets/firebase-app-hosting-github-oauth-github-oauthtoken-684b72/versions/latest","username":"gregfenton"},"appInstallationId":"52914458","installationUri":"https://github.com/settings/installations/52914458"},"installationState":{"stage":"COMPLETE"}}
[info] ✔  Connected with GitHub successfully
 
[debug] [2024-07-20T02:48:13.931Z] >>> [apiv2][query] GET https://developerconnect.googleapis.com/v1/projects/genkit-test-8b8aa/locations/us-central1/connections pageSize=1000&pageToken=
[debug] [2024-07-20T02:48:14.252Z] <<< [apiv2][status] GET https://developerconnect.googleapis.com/v1/projects/genkit-test-8b8aa/locations/us-central1/connections 200
[debug] [2024-07-20T02:48:14.252Z] <<< [apiv2][body] GET https://developerconnect.googleapis.com/v1/projects/genkit-test-8b8aa/locations/us-central1/connections {"connections":[{"name":"projects/genkit-test-8b8aa/locations/us-central1/connections/apphosting-github-conn-uyiogxq","createTime":"2024-07-18T01:55:07.850196198Z","updateTime":"2024-07-18T01:55:08.460044109Z","githubConfig":{"githubApp":"FIREBASE","authorizerCredential":{"oauthTokenSecretVersion":"projects/genkit-test-8b8aa/secrets/firebase-app-hosting-github-oauth-github-oauthtoken-684b72/versions/latest","username":"gregfenton"},"appInstallationId":"52914458","installationUri":"https://github.com/settings/installations/52914458"},"installationState":{"stage":"COMPLETE"}},{"name":"projects/genkit-test-8b8aa/locations/us-central1/connections/firebase-app-hosting-github-oauth","createTime":"2024-07-18T01:53:45.215394543Z","updateTime":"2024-07-18T01:55:06.291597985Z","githubConfig":{"githubApp":"FIREBASE","authorizerCredential":{"oauthTokenSecretVersion":"projects/genkit-test-8b8aa/secrets/firebase-app-hosting-github-oauth-github-oauthtoken-684b72/versions/latest","username":"gregfenton"},"appInstallationId":"52914458","installationUri":"https://github.com/settings/installations/52914458"},"installationState":{"stage":"COMPLETE"}}]}
[debug] [2024-07-20T02:48:14.253Z] >>> [apiv2][query] GET https://developerconnect.googleapis.com/v1/projects/genkit-test-8b8aa/locations/us-central1/connections/apphosting-github-conn-uyiogxq:fetchLinkableGitRepositories pageSize=1000&pageToken=
[debug] [2024-07-20T02:48:15.324Z] <<< [apiv2][status] GET https://developerconnect.googleapis.com/v1/projects/genkit-test-8b8aa/locations/us-central1/connections/apphosting-github-conn-uyiogxq:fetchLinkableGitRepositories 200
[debug] [2024-07-20T02:48:15.325Z] <<< [apiv2][body] GET https://developerconnect.googleapis.com/v1/projects/genkit-test-8b8aa/locations/us-central1/connections/apphosting-github-conn-uyiogxq:fetchLinkableGitRepositories {"linkableGitRepositories":[{"cloneUri":"https://github.com/gregfenton/codelab-ai-genkit-rag.git"}]}
[debug] [2024-07-20T02:48:33.683Z] >>> [apiv2][query] POST https://developerconnect.googleapis.com/v1/projects/genkit-test-8b8aa/locations/us-central1/connections connectionId=apphosting-github-conn-rslcnam
[debug] [2024-07-20T02:48:33.683Z] >>> [apiv2][body] POST https://developerconnect.googleapis.com/v1/projects/genkit-test-8b8aa/locations/us-central1/connections {"githubConfig":{"authorizerCredential":{"oauthTokenSecretVersion":"projects/genkit-test-8b8aa/secrets/firebase-app-hosting-github-oauth-github-oauthtoken-684b72/versions/latest","username":"gregfenton"},"githubApp":"FIREBASE"}}
[debug] [2024-07-20T02:48:34.589Z] <<< [apiv2][status] POST https://developerconnect.googleapis.com/v1/projects/genkit-test-8b8aa/locations/us-central1/connections 200
[debug] [2024-07-20T02:48:34.589Z] <<< [apiv2][body] POST https://developerconnect.googleapis.com/v1/projects/genkit-test-8b8aa/locations/us-central1/connections {"name":"projects/genkit-test-8b8aa/locations/us-central1/operations/operation-1721443714910-61da4d920c8d5-91ae1634-d5a9fcba","metadata":{"@type":"type.googleapis.com/google.cloud.developerconnect.v1.OperationMetadata","createTime":"2024-07-20T02:48:34.986599035Z","target":"projects/genkit-test-8b8aa/locations/us-central1/connections/apphosting-github-conn-rslcnam","verb":"create","requestedCancellation":false,"apiVersion":"v1"},"done":false}
[debug] [2024-07-20T02:48:34.590Z] >>> [apiv2][query] GET https://developerconnect.googleapis.com/v1/projects/genkit-test-8b8aa/locations/us-central1/operations/operation-1721443714910-61da4d920c8d5-91ae1634-d5a9fcba [none]
[debug] [2024-07-20T02:48:34.911Z] <<< [apiv2][status] GET https://developerconnect.googleapis.com/v1/projects/genkit-test-8b8aa/locations/us-central1/operations/operation-1721443714910-61da4d920c8d5-91ae1634-d5a9fcba 200
[debug] [2024-07-20T02:48:34.912Z] <<< [apiv2][body] GET https://developerconnect.googleapis.com/v1/projects/genkit-test-8b8aa/locations/us-central1/operations/operation-1721443714910-61da4d920c8d5-91ae1634-d5a9fcba {"name":"projects/genkit-test-8b8aa/locations/us-central1/operations/operation-1721443714910-61da4d920c8d5-91ae1634-d5a9fcba","metadata":{"@type":"type.googleapis.com/google.cloud.developerconnect.v1.OperationMetadata","createTime":"2024-07-20T02:48:34.986599035Z","endTime":"2024-07-20T02:48:35.263513761Z","target":"projects/genkit-test-8b8aa/locations/us-central1/connections/apphosting-github-conn-rslcnam","verb":"create","requestedCancellation":false,"apiVersion":"v1"},"done":true,"response":{"@type":"type.googleapis.com/google.cloud.developerconnect.v1.Connection","name":"projects/genkit-test-8b8aa/locations/us-central1/connections/apphosting-github-conn-rslcnam","createTime":"2024-07-20T02:48:34.979402408Z","updateTime":"2024-07-20T02:48:34.979402408Z","githubConfig":{"githubApp":"FIREBASE","authorizerCredential":{"oauthTokenSecretVersion":"projects/genkit-test-8b8aa/secrets/firebase-app-hosting-github-oauth-github-oauthtoken-684b72/versions/latest","username":"gregfenton"}},"installationState":{"stage":"PENDING_INSTALL_APP","message":"Please follow the link to install the GitHub App","actionUri":"https://accounts.google.com/AccountChooser?continue=https%3A%2F%2Fconsole.cloud.google.com%2Fdeveloper-connect%2Ffinish-setup%3Fstate%3D%257B%2522connection%2522%253A%2B%2522projects%252Fgenkit-test-8b8aa%252Flocations%252Fus-central1%252Fconnections%252Fapphosting-github-conn-rslcnam%2522%257D"}}}
[info] i  Install the Firebase App Hosting GitHub app to enable access to GitHub repositories 
[info] i  https://accounts.google.com/AccountChooser?continue=https%3A%2F%2Fconsole.cloud.google.com%2Fdeveloper-connect%2Ffinish-setup%3Fstate%3D%257B%2522connection%2522%253A%2B%2522projects%252Fgenkit-test-8b8aa%252Flocations%252Fus-central1%252Fconnections%252Fapphosting-github-conn-rslcnam%2522%257D 
[debug] [2024-07-20T02:49:00.928Z] ----------------------------------------------------------------------
[debug] [2024-07-20T02:49:00.930Z] Command:       /Users/greg/.nvm/versions/node/v18.20.2/bin/node /Users/greg/.nvm/versions/node/v18.20.2/bin/firebase apphosting:backends:create --project genkit-test-8b8aa --location us-central1
[debug] [2024-07-20T02:49:00.930Z] CLI Version:   13.13.3
[debug] [2024-07-20T02:49:00.931Z] Platform:      darwin
[debug] [2024-07-20T02:49:00.931Z] Node Version:  v18.20.2
[debug] [2024-07-20T02:49:00.932Z] Time:          Fri Jul 19 2024 22:49:00 GMT-0400 (Eastern Daylight Saving Time)
[debug] [2024-07-20T02:49:00.932Z] ----------------------------------------------------------------------
[debug] 
[debug] [2024-07-20T02:49:00.939Z] >>> [apiv2][query] GET https://serviceusage.googleapis.com/v1/projects/genkit-test-8b8aa/services/firebaseapphosting.googleapis.com [none]
[debug] [2024-07-20T02:49:00.939Z] >>> [apiv2][(partial)header] GET https://serviceusage.googleapis.com/v1/projects/genkit-test-8b8aa/services/firebaseapphosting.googleapis.com x-goog-quota-user=projects/genkit-test-8b8aa
[debug] [2024-07-20T02:49:01.371Z] <<< [apiv2][status] GET https://serviceusage.googleapis.com/v1/projects/genkit-test-8b8aa/services/firebaseapphosting.googleapis.com 200
[debug] [2024-07-20T02:49:01.371Z] <<< [apiv2][body] GET https://serviceusage.googleapis.com/v1/projects/genkit-test-8b8aa/services/firebaseapphosting.googleapis.com [omitted]
[debug] [2024-07-20T02:49:01.371Z] >>> [apiv2][query] GET https://mobilesdk-pa.googleapis.com/v1/accessmanagement/tos:getStatus [none]
[debug] [2024-07-20T02:49:01.641Z] <<< [apiv2][status] GET https://mobilesdk-pa.googleapis.com/v1/accessmanagement/tos:getStatus 200
[debug] [2024-07-20T02:49:01.642Z] <<< [apiv2][body] GET https://mobilesdk-pa.googleapis.com/v1/accessmanagement/tos:getStatus {"overallStatus":"ACCEPTED","uTosStatus":{"tos":{"id":"firebase","tosId":"FIREBASE_UNIVERSAL"},"status":"ACCEPTED"},"childTosStatus":[{"tos":{"id":"cloud","tosId":"CLOUD_PLATFORM"},"status":"ACCEPTED"},{"tos":{"id":"firebase_b2b","tosId":"FIREBASE_B2B"},"status":"ACCEPTED"},{"tos":{"id":"universal","tosId":"GOOGLE_APIS"},"status":"ACCEPTED"}],"termsUrl":"https://firebase.google.com/terms","perServiceStatus":[{"tosId":"APP_CHECK","serviceStatus":{"tos":{"id":"app_check","tosId":"APP_CHECK"},"status":"ACCEPTED"}},{"tosId":"APP_HOSTING_TOS","serviceStatus":{"tos":{"id":"app_hosting","tosId":"APP_HOSTING_TOS"},"status":"ACCEPTED"}},{"tosId":"APP_HOSTING_TOS","serviceStatus":{"tos":{"id":"app_hosting","tosId":"APP_HOSTING_TOS"},"status":"ACCEPTED"}},{"tosId":"CORE_APPS","serviceStatus":{"tos":{"id":"core_apps","tosId":"CORE_APPS"},"status":"ACCEPTED"}},{"tosId":"FIREBASE_CRASHLYTICS_APP_DISTRIBUTION","serviceStatus":{"tos":{"id":"firebase_crashlytics_app_distribution","tosId":"FIREBASE_CRASHLYTICS_APP_DISTRIBUTION"},"status":"ACCEPTED"}},{"tosId":"FIREBASE_DATA_CONNECT","serviceStatus":{"tos":{"id":"data_connect","tosId":"FIREBASE_DATA_CONNECT"},"status":"ACCEPTED"}}]}
[debug] [2024-07-20T02:49:01.643Z] >>> [apiv2][query] GET https://serviceusage.googleapis.com/v1/projects/genkit-test-8b8aa/services/developerconnect.googleapis.com [none]
[debug] [2024-07-20T02:49:01.643Z] >>> [apiv2][(partial)header] GET https://serviceusage.googleapis.com/v1/projects/genkit-test-8b8aa/services/developerconnect.googleapis.com x-goog-quota-user=projects/genkit-test-8b8aa
[debug] [2024-07-20T02:49:01.645Z] >>> [apiv2][query] GET https://serviceusage.googleapis.com/v1/projects/genkit-test-8b8aa/services/cloudbuild.googleapis.com [none]
[debug] [2024-07-20T02:49:01.646Z] >>> [apiv2][(partial)header] GET https://serviceusage.googleapis.com/v1/projects/genkit-test-8b8aa/services/cloudbuild.googleapis.com x-goog-quota-user=projects/genkit-test-8b8aa
[debug] [2024-07-20T02:49:01.647Z] >>> [apiv2][query] GET https://serviceusage.googleapis.com/v1/projects/genkit-test-8b8aa/services/secretmanager.googleapis.com [none]
[debug] [2024-07-20T02:49:01.647Z] >>> [apiv2][(partial)header] GET https://serviceusage.googleapis.com/v1/projects/genkit-test-8b8aa/services/secretmanager.googleapis.com x-goog-quota-user=projects/genkit-test-8b8aa
[debug] [2024-07-20T02:49:01.649Z] >>> [apiv2][query] GET https://serviceusage.googleapis.com/v1/projects/genkit-test-8b8aa/services/run.googleapis.com [none]
[debug] [2024-07-20T02:49:01.649Z] >>> [apiv2][(partial)header] GET https://serviceusage.googleapis.com/v1/projects/genkit-test-8b8aa/services/run.googleapis.com x-goog-quota-user=projects/genkit-test-8b8aa
[debug] [2024-07-20T02:49:01.651Z] >>> [apiv2][query] GET https://serviceusage.googleapis.com/v1/projects/genkit-test-8b8aa/services/artifactregistry.googleapis.com [none]
[debug] [2024-07-20T02:49:01.651Z] >>> [apiv2][(partial)header] GET https://serviceusage.googleapis.com/v1/projects/genkit-test-8b8aa/services/artifactregistry.googleapis.com x-goog-quota-user=projects/genkit-test-8b8aa
[debug] [2024-07-20T02:49:01.653Z] >>> [apiv2][query] GET https://serviceusage.googleapis.com/v1/projects/genkit-test-8b8aa/services/iam.googleapis.com [none]
[debug] [2024-07-20T02:49:01.653Z] >>> [apiv2][(partial)header] GET https://serviceusage.googleapis.com/v1/projects/genkit-test-8b8aa/services/iam.googleapis.com x-goog-quota-user=projects/genkit-test-8b8aa
[debug] [2024-07-20T02:49:02.050Z] <<< [apiv2][status] GET https://serviceusage.googleapis.com/v1/projects/genkit-test-8b8aa/services/secretmanager.googleapis.com 200
[debug] [2024-07-20T02:49:02.050Z] <<< [apiv2][body] GET https://serviceusage.googleapis.com/v1/projects/genkit-test-8b8aa/services/secretmanager.googleapis.com [omitted]
[debug] [2024-07-20T02:49:02.051Z] <<< [apiv2][status] GET https://serviceusage.googleapis.com/v1/projects/genkit-test-8b8aa/services/developerconnect.googleapis.com 200
[debug] [2024-07-20T02:49:02.051Z] <<< [apiv2][body] GET https://serviceusage.googleapis.com/v1/projects/genkit-test-8b8aa/services/developerconnect.googleapis.com [omitted]
[debug] [2024-07-20T02:49:02.051Z] <<< [apiv2][status] GET https://serviceusage.googleapis.com/v1/projects/genkit-test-8b8aa/services/cloudbuild.googleapis.com 200
[debug] [2024-07-20T02:49:02.051Z] <<< [apiv2][body] GET https://serviceusage.googleapis.com/v1/projects/genkit-test-8b8aa/services/cloudbuild.googleapis.com [omitted]
[debug] [2024-07-20T02:49:02.052Z] <<< [apiv2][status] GET https://serviceusage.googleapis.com/v1/projects/genkit-test-8b8aa/services/run.googleapis.com 200
[debug] [2024-07-20T02:49:02.052Z] <<< [apiv2][body] GET https://serviceusage.googleapis.com/v1/projects/genkit-test-8b8aa/services/run.googleapis.com [omitted]
[debug] [2024-07-20T02:49:02.053Z] <<< [apiv2][status] GET https://serviceusage.googleapis.com/v1/projects/genkit-test-8b8aa/services/artifactregistry.googleapis.com 200
[debug] [2024-07-20T02:49:02.053Z] <<< [apiv2][body] GET https://serviceusage.googleapis.com/v1/projects/genkit-test-8b8aa/services/artifactregistry.googleapis.com [omitted]
[debug] [2024-07-20T02:49:02.167Z] <<< [apiv2][status] GET https://serviceusage.googleapis.com/v1/projects/genkit-test-8b8aa/services/iam.googleapis.com 200
[debug] [2024-07-20T02:49:02.167Z] <<< [apiv2][body] GET https://serviceusage.googleapis.com/v1/projects/genkit-test-8b8aa/services/iam.googleapis.com [omitted]
[debug] [2024-07-20T02:49:02.168Z] >>> [apiv2][query] POST https://iam.googleapis.com/v1/projects/genkit-test-8b8aa/serviceAccounts/firebase-app-hosting-compute@genkit-test-8b8aa.iam.gserviceaccount.com:testIamPermissions [none]
[debug] [2024-07-20T02:49:02.168Z] >>> [apiv2][(partial)header] POST https://iam.googleapis.com/v1/projects/genkit-test-8b8aa/serviceAccounts/firebase-app-hosting-compute@genkit-test-8b8aa.iam.gserviceaccount.com:testIamPermissions x-goog-quota-user=projects/genkit-test-8b8aa
[debug] [2024-07-20T02:49:02.168Z] >>> [apiv2][body] POST https://iam.googleapis.com/v1/projects/genkit-test-8b8aa/serviceAccounts/firebase-app-hosting-compute@genkit-test-8b8aa.iam.gserviceaccount.com:testIamPermissions {"permissions":["iam.serviceAccounts.actAs"]}
[debug] [2024-07-20T02:49:03.202Z] <<< [apiv2][status] POST https://iam.googleapis.com/v1/projects/genkit-test-8b8aa/serviceAccounts/firebase-app-hosting-compute@genkit-test-8b8aa.iam.gserviceaccount.com:testIamPermissions 200
[debug] [2024-07-20T02:49:03.202Z] <<< [apiv2][body] POST https://iam.googleapis.com/v1/projects/genkit-test-8b8aa/serviceAccounts/firebase-app-hosting-compute@genkit-test-8b8aa.iam.gserviceaccount.com:testIamPermissions {"permissions":["iam.serviceAccounts.actAs"]}
[debug] [2024-07-20T02:49:03.203Z] >>> [apiv2][query] GET https://firebaseapphosting.googleapis.com/v1alpha/projects/genkit-test-8b8aa/locations 
[debug] [2024-07-20T02:49:03.761Z] <<< [apiv2][status] GET https://firebaseapphosting.googleapis.com/v1alpha/projects/genkit-test-8b8aa/locations 200
[debug] [2024-07-20T02:49:03.761Z] <<< [apiv2][body] GET https://firebaseapphosting.googleapis.com/v1alpha/projects/genkit-test-8b8aa/locations {"locations":[{"name":"projects/genkit-test-8b8aa/locations/us-central1","locationId":"us-central1"}]}
[info] i  === Import a GitHub repository 
[debug] [2024-07-20T02:49:03.762Z] >>> [apiv2][query] GET https://developerconnect.googleapis.com/v1/projects/genkit-test-8b8aa/locations/us-central1/connections/firebase-app-hosting-github-oauth [none]
[debug] [2024-07-20T02:49:04.354Z] <<< [apiv2][status] GET https://developerconnect.googleapis.com/v1/projects/genkit-test-8b8aa/locations/us-central1/connections/firebase-app-hosting-github-oauth 200
[debug] [2024-07-20T02:49:04.355Z] <<< [apiv2][body] GET https://developerconnect.googleapis.com/v1/projects/genkit-test-8b8aa/locations/us-central1/connections/firebase-app-hosting-github-oauth {"name":"projects/genkit-test-8b8aa/locations/us-central1/connections/firebase-app-hosting-github-oauth","createTime":"2024-07-18T01:53:45.215394543Z","updateTime":"2024-07-18T01:55:06.291597985Z","githubConfig":{"githubApp":"FIREBASE","authorizerCredential":{"oauthTokenSecretVersion":"projects/genkit-test-8b8aa/secrets/firebase-app-hosting-github-oauth-github-oauthtoken-684b72/versions/latest","username":"gregfenton"},"appInstallationId":"52914458","installationUri":"https://github.com/settings/installations/52914458"},"installationState":{"stage":"COMPLETE"}}
[info] ✔  Connected with GitHub successfully
 
[debug] [2024-07-20T02:49:04.356Z] >>> [apiv2][query] GET https://developerconnect.googleapis.com/v1/projects/genkit-test-8b8aa/locations/us-central1/connections pageSize=1000&pageToken=
[debug] [2024-07-20T02:49:04.627Z] <<< [apiv2][status] GET https://developerconnect.googleapis.com/v1/projects/genkit-test-8b8aa/locations/us-central1/connections 200
[debug] [2024-07-20T02:49:04.627Z] <<< [apiv2][body] GET https://developerconnect.googleapis.com/v1/projects/genkit-test-8b8aa/locations/us-central1/connections {"connections":[{"name":"projects/genkit-test-8b8aa/locations/us-central1/connections/apphosting-github-conn-uyiogxq","createTime":"2024-07-18T01:55:07.850196198Z","updateTime":"2024-07-18T01:55:08.460044109Z","githubConfig":{"githubApp":"FIREBASE","authorizerCredential":{"oauthTokenSecretVersion":"projects/genkit-test-8b8aa/secrets/firebase-app-hosting-github-oauth-github-oauthtoken-684b72/versions/latest","username":"gregfenton"},"appInstallationId":"52914458","installationUri":"https://github.com/settings/installations/52914458"},"installationState":{"stage":"COMPLETE"}},{"name":"projects/genkit-test-8b8aa/locations/us-central1/connections/firebase-app-hosting-github-oauth","createTime":"2024-07-18T01:53:45.215394543Z","updateTime":"2024-07-18T01:55:06.291597985Z","githubConfig":{"githubApp":"FIREBASE","authorizerCredential":{"oauthTokenSecretVersion":"projects/genkit-test-8b8aa/secrets/firebase-app-hosting-github-oauth-github-oauthtoken-684b72/versions/latest","username":"gregfenton"},"appInstallationId":"52914458","installationUri":"https://github.com/settings/installations/52914458"},"installationState":{"stage":"COMPLETE"}},{"name":"projects/genkit-test-8b8aa/locations/us-central1/connections/apphosting-github-conn-rslcnam","createTime":"2024-07-20T02:48:34.979402408Z","updateTime":"2024-07-20T02:48:35.278107019Z","githubConfig":{"githubApp":"FIREBASE","authorizerCredential":{"oauthTokenSecretVersion":"projects/genkit-test-8b8aa/secrets/firebase-app-hosting-github-oauth-github-oauthtoken-684b72/versions/latest","username":"gregfenton"}},"installationState":{"stage":"PENDING_INSTALL_APP","message":"Please follow the link to install the GitHub App","actionUri":"https://accounts.google.com/AccountChooser?continue=https%3A%2F%2Fconsole.cloud.google.com%2Fdeveloper-connect%2Ffinish-setup%3Fstate%3D%257B%2522connection%2522%253A%2B%2522projects%252Fgenkit-test-8b8aa%252Flocations%252Fus-central1%252Fconnections%252Fapphosting-github-conn-rslcnam%2522%257D"}}]}
[debug] [2024-07-20T02:49:04.628Z] >>> [apiv2][query] GET https://developerconnect.googleapis.com/v1/projects/genkit-test-8b8aa/locations/us-central1/connections/apphosting-github-conn-uyiogxq:fetchLinkableGitRepositories pageSize=1000&pageToken=
[debug] [2024-07-20T02:49:05.486Z] <<< [apiv2][status] GET https://developerconnect.googleapis.com/v1/projects/genkit-test-8b8aa/locations/us-central1/connections/apphosting-github-conn-uyiogxq:fetchLinkableGitRepositories 200
[debug] [2024-07-20T02:49:05.486Z] <<< [apiv2][body] GET https://developerconnect.googleapis.com/v1/projects/genkit-test-8b8aa/locations/us-central1/connections/apphosting-github-conn-uyiogxq:fetchLinkableGitRepositories {"linkableGitRepositories":[{"cloneUri":"https://github.com/gregfenton/codelab-ai-genkit-rag.git"}]}
